

Started GET "/" for 127.0.0.1 at 2013-04-17 17:26:55 -0700

ActionController::RoutingError (No route matches [GET] "/"):
  

Rendered /Users/jpowell/.rvm/gems/ruby-1.9.2-p290/gems/actionpack-3.1.3/lib/action_dispatch/middleware/templates/rescues/routing_error.erb within rescues/layout (10.3ms)


Started GET "/" for 127.0.0.1 at 2013-04-17 17:27:36 -0700

ActionController::RoutingError (uninitialized constant WelcomeController):
  

Rendered /Users/jpowell/.rvm/gems/ruby-1.9.2-p290/gems/actionpack-3.1.3/lib/action_dispatch/middleware/templates/rescues/routing_error.erb within rescues/layout (0.5ms)


Started GET "/" for 127.0.0.1 at 2013-04-17 17:28:02 -0700

ActionController::RoutingError (uninitialized constant WelcomeController):
  

Rendered /Users/jpowell/.rvm/gems/ruby-1.9.2-p290/gems/actionpack-3.1.3/lib/action_dispatch/middleware/templates/rescues/routing_error.erb within rescues/layout (9.1ms)


Started GET "/" for 127.0.0.1 at 2013-04-17 17:28:29 -0700

LoadError (Expected /Users/jpowell/projects/lions/app/controllers/home_controller.rb to define HomeController):
  

Rendered /Users/jpowell/.rvm/gems/ruby-1.9.2-p290/gems/actionpack-3.1.3/lib/action_dispatch/middleware/templates/rescues/_trace.erb (1.1ms)
Rendered /Users/jpowell/.rvm/gems/ruby-1.9.2-p290/gems/actionpack-3.1.3/lib/action_dispatch/middleware/templates/rescues/_request_and_response.erb (6.9ms)
Rendered /Users/jpowell/.rvm/gems/ruby-1.9.2-p290/gems/actionpack-3.1.3/lib/action_dispatch/middleware/templates/rescues/diagnostics.erb within rescues/layout (10.8ms)


Started GET "/" for 127.0.0.1 at 2013-04-17 17:28:42 -0700

LoadError (Expected /Users/jpowell/projects/lions/app/controllers/home_controller.rb to define HomeController):
  

Rendered /Users/jpowell/.rvm/gems/ruby-1.9.2-p290/gems/actionpack-3.1.3/lib/action_dispatch/middleware/templates/rescues/_trace.erb (1.3ms)
Rendered /Users/jpowell/.rvm/gems/ruby-1.9.2-p290/gems/actionpack-3.1.3/lib/action_dispatch/middleware/templates/rescues/_request_and_response.erb (0.8ms)
Rendered /Users/jpowell/.rvm/gems/ruby-1.9.2-p290/gems/actionpack-3.1.3/lib/action_dispatch/middleware/templates/rescues/diagnostics.erb within rescues/layout (4.2ms)


Started GET "/" for 127.0.0.1 at 2013-04-17 17:28:56 -0700
  Processing by HomeController#index as HTML
Completed 500 Internal Server Error in 21ms

ActionView::MissingTemplate (Missing template home/index with {:handlers=>[:erb, :builder, :coffee], :formats=>[:html], :locale=>[:en, :en]}. Searched in:
  * "/Users/jpowell/projects/lions/app/views"
):
  app/controllers/home_controller.rb:5:in `index'

Rendered /Users/jpowell/.rvm/gems/ruby-1.9.2-p290/gems/actionpack-3.1.3/lib/action_dispatch/middleware/templates/rescues/missing_template.erb within rescues/layout (0.4ms)


Started GET "/" for 127.0.0.1 at 2013-04-17 17:29:47 -0700
  Processing by HomeController#index as HTML
Completed 500 Internal Server Error in 3ms

ActionView::MissingTemplate (Missing template home/index with {:handlers=>[:erb, :builder, :coffee], :formats=>[:html], :locale=>[:en, :en]}. Searched in:
  * "/Users/jpowell/projects/lions/app/views"
):
  app/controllers/home_controller.rb:5:in `index'

Rendered /Users/jpowell/.rvm/gems/ruby-1.9.2-p290/gems/actionpack-3.1.3/lib/action_dispatch/middleware/templates/rescues/missing_template.erb within rescues/layout (0.3ms)


Started GET "/" for 127.0.0.1 at 2013-04-17 17:29:49 -0700
  Processing by HomeController#index as HTML
Completed 500 Internal Server Error in 3ms

ActionView::MissingTemplate (Missing template home/index with {:handlers=>[:erb, :builder, :coffee], :formats=>[:html], :locale=>[:en, :en]}. Searched in:
  * "/Users/jpowell/projects/lions/app/views"
):
  app/controllers/home_controller.rb:5:in `index'

Rendered /Users/jpowell/.rvm/gems/ruby-1.9.2-p290/gems/actionpack-3.1.3/lib/action_dispatch/middleware/templates/rescues/missing_template.erb within rescues/layout (0.4ms)


Started GET "/" for 127.0.0.1 at 2013-04-17 17:30:02 -0700
  Processing by HomeController#index as HTML
Rendered home/index.html.haml (0.8ms)
Completed 200 OK in 31ms (Views: 30.3ms | ActiveRecord: 0.0ms)
